<?xml version="1.0" encoding="UTF-8"?>
<!-- Generated by org.testng.reporters.JUnitReportReporter -->
<testsuite hostname="DESKTOP-SR3L3PC" failures="0" tests="3" name="Amazon.Login" time="3.698" errors="0" timestamp="2023-09-17T15:24:06 IST" skipped="0">
  <testcase classname="Amazon.Login" name="openApp" time="1.010"/>
  <system-out/>
  <testcase classname="Amazon.Login" name="handleCaptcha" time="0.074"/>
  <system-out/>
  <testcase classname="Amazon.Login" name="login" time="2.614"/>
  <system-out/>
</testsuite> <!-- Amazon.Login -->
