<?xml version="1.0" encoding="UTF-8"?>
<!-- Generated by org.testng.reporters.JUnitReportReporter -->
<testsuite hostname="DESKTOP-SR3L3PC" failures="0" tests="2" name="Amazon.AddProductToCart" time="38.049" errors="0" timestamp="2023-09-16T16:19:28 IST" skipped="0">
  <testcase classname="Amazon.AddProductToCart" name="openApp" time="15.080"/>
  <system-out/>
  <testcase classname="Amazon.AddProductToCart" name="addToCart" time="22.969"/>
  <system-out/>
</testsuite> <!-- Amazon.AddProductToCart -->
