<?xml version="1.0" encoding="UTF-8"?>
<!-- Generated by org.testng.reporters.JUnitReportReporter -->
<testsuite hostname="DESKTOP-SR3L3PC" failures="0" tests="2" name="Amazon.SearchProduct" time="33.048" errors="0" timestamp="2023-09-16T16:19:28 IST" skipped="0">
  <testcase classname="Amazon.SearchProduct" name="openApp" time="18.733"/>
  <system-out/>
  <testcase classname="Amazon.SearchProduct" name="searchProduct" time="14.315"/>
  <system-out/>
</testsuite> <!-- Amazon.SearchProduct -->
